<?xml version="1.0" encoding="UTF-8"?>
<!-- Generated by org.testng.reporters.JUnitReportReporter -->
<testsuite hostname="DESKTOP-4U8FD87" failures="0" tests="2" name="com.mystore.testcases.TC_LoginPageTestDataDrivenTesting" time="9.893" errors="0" timestamp="2024-03-19T12:00:13 IST" skipped="0">
  <testcase classname="com.mystore.testcases.TC_LoginPageTestDataDrivenTesting" name="VerifyLoginWithDataProvider" time="5.344"/>
  <system-out/>
  <testcase classname="com.mystore.testcases.TC_LoginPageTestDataDrivenTesting" name="VerifyLoginWithDataProvider" time="4.549"/>
  <system-out/>
</testsuite> <!-- com.mystore.testcases.TC_LoginPageTestDataDrivenTesting -->
