<?xml version="1.0" encoding="UTF-8"?>
<!-- Generated by org.testng.reporters.JUnitReportReporter -->
<testsuite hostname="DESKTOP-4U8FD87" failures="0" tests="1" name="com.mystore.testcases.TC_RegisterationPageTest" time="14.870" errors="0" timestamp="2024-03-19T12:05:10 IST" skipped="0">
  <testcase classname="com.mystore.testcases.TC_RegisterationPageTest" name="VerifyRegisteration" time="14.870"/>
  <system-out/>
</testsuite> <!-- com.mystore.testcases.TC_RegisterationPageTest -->
