<?xml version="1.0" encoding="UTF-8"?>
<!-- Generated by org.testng.reporters.JUnitReportReporter -->
<testsuite hostname="DESKTOP-4U8FD87" failures="0" tests="2" name="com.store.testcases.TC_ProductPageTest" time="15.393" errors="0" timestamp="2024-03-19T12:13:23 IST" skipped="0">
  <testcase classname="com.store.testcases.TC_ProductPageTest" name="VerifySearch" time="4.340"/>
  <system-out/>
  <testcase classname="com.store.testcases.TC_ProductPageTest" name="VerifyAddToCart" time="11.053"/>
  <system-out/>
</testsuite> <!-- com.store.testcases.TC_ProductPageTest -->
