<?xml version="1.0" encoding="UTF-8"?>
<!-- Generated by org.testng.reporters.JUnitReportReporter -->
<testsuite hostname="DESKTOP-4U8FD87" failures="0" tests="1" name="com.mystore.testcases.TC_AddNewAddress" time="11.542" errors="0" timestamp="2024-03-14T20:26:29 IST" skipped="0">
  <testcase classname="com.mystore.testcases.TC_AddNewAddress" name="AddNewAddress" time="11.542"/>
  <system-out/>
</testsuite> <!-- com.mystore.testcases.TC_AddNewAddress -->
